This is TeX, C Version 3.14t3 (format=lplain 93.4.28)  16 DEC 1993 17:43
**&lplain 15232
(15232.tex
LaTeX Version 2.09 <7 Dec 1989>
(/nfs/ishare/lib/TEX3.14/inputs/ilogmanuel.sty
Document style `ilogmanuel'.
(/nfs/ishare/lib/TEX3.14/inputs/ilogman11.sty)
(/nfs/ishare/lib/TEX3.14/inputs/ilogpage.sty
Page Layout 'fullpage' -- ILOG version of July 1983.
) (/nfs/ishare/lib/TEX3.14/inputs/ilogmacros.sty
\chgbarwidth=\dimen99
\chgbarsep=\dimen100
\@chgbarbegin=\dimen101

(/nfs/ishare/lib/TEX3.14/localinputs/epsf.tex
\epsffilein=\read0
\epsfxsize=\dimen102
\epsfysize=\dimen103
\epsftsize=\dimen104
\epsfrsize=\dimen105
\epsftmp=\dimen106
\pspoints=\dimen107
))
\descriptionmargin=\dimen108
\c@part=\count79
\c@chapter=\count80
\c@section=\count81
\c@subsection=\count82
\c@subsubsection=\count83
\c@paragraph=\count84
\c@subparagraph=\count85
\c@figure=\count86
\c@table=\count87
)
No file 15232.aux.
[1

] [2

]
Chapitre 1.
[3] [4]
Underfull \hbox (badness 10000) in paragraph at lines 131--138


\hbox(0.0+0.0)x469.0
.\glue(\rightskip) 0.0

[5] [6] [7] [8]
Chapitre 2.

Underfull \hbox (badness 10000) in paragraph at lines 442--448


\hbox(0.0+0.0)x422.0
.\glue(\rightskip) 0.0

[9

] [10]
Overfull \hbox (6.39764pt too wide) in paragraph at lines 563--563
 []  \elvtt window-type     ;; Window type : ('transparent or 'opaque) if () se
e display[] 

\hbox(7.60416+2.43333)x469.0
.\glue(\leftskip) 27.0
.\hbox(0.0+0.0)x0.0
.\penalty 10000
.\glue 5.74869
.\penalty 10000
.etc.

[11]
Underfull \hbox (badness 10000) in paragraph at lines 570--572


\hbox(0.0+0.0)x469.0
.\glue(\rightskip) 0.0


Underfull \hbox (badness 10000) in paragraph at lines 579--585


\hbox(0.0+0.0)x442.0
.\glue(\rightskip) 0.0

[12] [13]
Underfull \hbox (badness 10000) in paragraph at lines 670--677


\hbox(0.0+0.0)x442.0
.\glue(\rightskip) 0.0

[14] [15] [16]
Overfull \hbox (3.40518pt too wide) in paragraph at lines 859--861
[] []\elvrm pour le plus pe-tit car-act^^Rere (champs \elvtt minlbearing\elvrm 
, \elvtt minrbearing\elvrm , \elvtt minascent\elvrm , \elvtt mindescent\elvrm ,


\hbox(8.2125+2.73749)x422.0, glue set - 1.0
.\hbox(0.0+0.0)x0.0
.\glue 0.0
.\hbox(4.86667+0.0)x0.0
..\glue 0.0
..\glue -21.90005
..\glue -5.475
..\hbox(4.86667+0.0)x21.90005, glue set 21.90005fil
...\glue 0.0 plus 1.0fil minus 1.0fil
...\hbox(4.86667+0.0)x0.0, glue set - 5.475fil []
..\glue 5.475
.\penalty 0
.\elvrm p
.etc.


Overfull \hbox (7.9981pt too wide) in paragraph at lines 861--863
[] []\elvrm pour le plus grand car-act^^Rere (champs \elvtt maxlbearing\elvrm ,
 \elvtt maxrbearing\elvrm , \elvtt maxascent\elvrm , \elvtt maxdescent\elvrm ,

\hbox(8.2125+2.73749)x422.0, glue set - 1.0
.\hbox(0.0+0.0)x0.0
.\glue 0.0
.\hbox(4.86667+0.0)x0.0
..\glue 0.0
..\glue -21.90005
..\glue -5.475
..\hbox(4.86667+0.0)x21.90005, glue set 21.90005fil
...\glue 0.0 plus 1.0fil minus 1.0fil
...\hbox(4.86667+0.0)x0.0, glue set - 5.475fil []
..\glue 5.475
.\penalty 0
.\elvrm p
.etc.

[17] [18] [19]
Underfull \hbox (badness 10000) in paragraph at lines 1080--1085


\hbox(0.0+0.0)x442.0
.\glue(\rightskip) 0.0

[20]
Underfull \hbox (badness 10000) in paragraph at lines 1110--1114


\hbox(0.0+0.0)x469.0
.\glue(\rightskip) 0.0

[21] [22]
Overfull \hbox (6.39764pt too wide) in paragraph at lines 1228--1228
 []\elvtt (send 'subst-colors display bitmap l ) ;;; l : (list of (oldcolor . n
ewcolor))[] 

\hbox(7.60416+2.43333)x469.0
.\glue(\leftskip) 27.0
.\hbox(0.0+0.0)x0.0
.\elvtt (
.\elvtt s
.\elvtt e
.etc.

[23]
Overfull \hbox (12.14633pt too wide) in paragraph at lines 1314--1314
 [] []\elvtt (send 'make-named-cursor display key) ; key : index dans #:display
:cursor-names[] 

\hbox(7.60416+2.43333)x469.0
.\glue(\leftskip) 27.0
.\hbox(0.0+0.0)x0.0
.\glue 0.0
.\hbox(0.0+0.0)x0.0
..\glue 0.0
..\glue -21.90005
..\glue -5.475
..\hbox(0.0+0.0)x21.90005, glue set 21.90005fil
...\glue 0.0 plus 1.0fil
..\glue 5.475
.\penalty 0
.etc.

[24] [25] [26]
Underfull \hbox (badness 10000) in paragraph at lines 1433--1450


\hbox(0.0+0.0)x469.0
.\glue(\rightskip) 0.0

[27]
Underfull \hbox (badness 10000) in paragraph at lines 1498--1506


\hbox(0.0+0.0)x469.0
.\glue(\rightskip) 0.0

[28] [29] [30

]
Chapitre 3.

Overfull \hbox (65.80247pt too wide) in paragraph at lines 1548--1564
\elvtt default-language \elvrm peut d^^Seclencher les er-reurs \elvtt error-wro
ng-language \elvrm et \elvtt error-not-recorded-language\elvrm . 

\hbox(7.60416+2.43333)x442.0, glue set - 1.0
.\elvtt d
.\elvtt e
.\elvtt f
.\elvtt a
.\elvtt u
.etc.


Underfull \hbox (badness 10000) in paragraph at lines 1548--1564


\hbox(0.0+0.0)x442.0
.\glue(\rightskip) 0.0

[31]
Overfull \hbox (58.53514pt too wide) in paragraph at lines 1565--1590
|  \nintt = wrong number of arguments |  ? (get-message-p 'example) ; GET-MESSA
GE-P suit aussi de DEFAULT-LANGUAGE 

\hbox(6.25+2.0)x442.0, glue set - 1.0
.\rule(*+*)x0.0
.\penalty 10000
.\glue 12.80365
.\glue 0.0
.\nintt =
.etc.

[32]
Chapitre 4.
[33

] [34]
Overfull \hbox (77.43492pt too wide) in paragraph at lines 1684--1695
|  \nintt = #p"/usr/lelisp/llobj/pretty.lo" |  ? (combine-pathnames #u"/usr/lel
isp/llib/path.ll" #u"../llmod/path.lm") 

\hbox(6.25+2.0)x442.0, glue set - 1.0
.\rule(*+*)x0.0
.\penalty 10000
.\glue 12.80365
.\glue 0.0
.\nintt =
.etc.


Overfull \hbox (110.50954pt too wide) in paragraph at lines 1684--1695
|  \nintt = #p"/usr/lelisp/llmod/path.lm" |  ? (combine-pathnames #u"/usr/lelis
p/llib/path.ll" #u"/usr/lelisp/llobj/path.lo") 

\hbox(6.25+2.0)x442.0, glue set - 1.0
.\rule(*+*)x0.0
.\penalty 10000
.\glue 12.80365
.\glue 0.0
.\nintt =
.etc.


Underfull \hbox (badness 10000) in paragraph at lines 1704--1707


\hbox(0.0+0.0)x442.0
.\glue(\rightskip) 0.0


Underfull \hbox (badness 10000) in paragraph at lines 1708--1710


\hbox(0.0+0.0)x442.0
.\glue(\rightskip) 0.0

[35] [36]
Chapitre 5.

Overfull \hbox (17.89502pt too wide) in paragraph at lines 1890--1890
 []\elvtt /bin/cc -O -sun3 -DNBSYST=22 -DBSD4x -DBSD42 -DTIMEUNIT=60. -DINRIA -
DSUNOS40 -B[] 

\hbox(7.60416+0.91246)x469.0
.\glue(\leftskip) 27.0
.\hbox(0.0+0.0)x0.0
.\elvtt /
.\elvtt b
.\elvtt i
.etc.


Overfull \hbox (17.89502pt too wide) in paragraph at lines 1890--1890
 []\elvtt static  -DSUN    -DFOREIGN  -DFILEINI=\"../llib/startup.ll\" -I../com
mon -DSYSNA[] 

\hbox(7.60416+2.43333)x469.0
.\glue(\leftskip) 27.0
.\hbox(0.0+0.0)x0.0
.\elvtt s
.\elvtt t
.\elvtt a
.etc.

[37

]
Overfull \hbox (17.89502pt too wide) in paragraph at lines 1890--1890
 []\elvtt cc -O -sun3 -DNBSYST=22 -DBSD4x -DBSD42 -DTIMEUNIT=60. -DINRIA -DSUNO
S40 -Bstati[] 

\hbox(6.69167+0.0)x469.0
.\glue(\leftskip) 27.0
.\hbox(0.0+0.0)x0.0
.\elvtt c
.\elvtt c
.\penalty 10000
.etc.


Overfull \hbox (17.89502pt too wide) in paragraph at lines 1890--1890
 []\elvtt c  -DSUN    -DFOREIGN  -DFILEINI=\"../llib/startup.ll\" -I../common -
DSYSNAME=\"[] 

\hbox(7.60416+2.43333)x469.0
.\glue(\leftskip) 27.0
.\hbox(0.0+0.0)x0.0
.\elvtt c
.\penalty 10000
.\glue 5.74869
.etc.


Overfull \hbox (17.89502pt too wide) in paragraph at lines 1890--1890
 []\elvtt ../system/config lelisp lelispbin lelispconf.ll "sun" -stack 6 -code 
600 -heap 2[] 

\hbox(7.60416+2.43333)x469.0
.\glue(\leftskip) 27.0
.\hbox(0.0+0.0)x0.0
.\elvtt .
.\elvtt .
.\elvtt /
.etc.

[38]
Overfull \hbox (17.89502pt too wide) in paragraph at lines 1890--1890
 []\elvtt /bin/cc -O -sun3 -DNBSYST=22 -DBSD4x -DBSD42 -DTIMEUNIT=60. -DINRIA -
DSUNOS40 -B[] 

\hbox(7.60416+0.91246)x469.0
.\glue(\leftskip) 27.0
.\hbox(0.0+0.0)x0.0
.\elvtt /
.\elvtt b
.\elvtt i
.etc.


Overfull \hbox (17.89502pt too wide) in paragraph at lines 1890--1890
 []\elvtt static  -DSUN    -DFOREIGN  -DFILEINI=\"../llib/startup.ll\" -I../com
mon -DSYSNA[] 

\hbox(7.60416+2.43333)x469.0
.\glue(\leftskip) 27.0
.\hbox(0.0+0.0)x0.0
.\elvtt s
.\elvtt t
.\elvtt a
.etc.


Overfull \hbox (17.89502pt too wide) in paragraph at lines 1890--1890
 []\elvtt cc -O -sun3 -DNBSYST=22 -DBSD4x -DBSD42 -DTIMEUNIT=60. -DINRIA -DSUNO
S40 -Bstati[] 

\hbox(6.69167+0.0)x469.0
.\glue(\leftskip) 27.0
.\hbox(0.0+0.0)x0.0
.\elvtt c
.\elvtt c
.\penalty 10000
.etc.


Overfull \hbox (17.89502pt too wide) in paragraph at lines 1890--1890
 []\elvtt c  -DSUN    -DFOREIGN  -DFILEINI=\"../llib/startup.ll\" -I../common -
DSYSNAME=\"[] 

\hbox(7.60416+2.43333)x469.0
.\glue(\leftskip) 27.0
.\hbox(0.0+0.0)x0.0
.\elvtt c
.\penalty 10000
.\glue 5.74869
.etc.


Overfull \hbox (17.89502pt too wide) in paragraph at lines 1890--1890
 []\elvtt ../system/config lelisp lelispexebin lelispconf.ll "sun" -stack 6 -co
de 600 -hea[] 

\hbox(7.60416+2.43333)x469.0
.\glue(\leftskip) 27.0
.\hbox(0.0+0.0)x0.0
.\elvtt .
.\elvtt .
.\elvtt /
.etc.

[39] [40] [41] [42

]
Chapitre 6.

Underfull \hbox (badness 10000) in paragraph at lines 1904--1907


\hbox(0.0+0.0)x469.0
.\glue(\rightskip) 0.0


Underfull \hbox (badness 10000) in paragraph at lines 1911--1930


\hbox(0.0+0.0)x469.0
.\glue(\rightskip) 0.0

[43]
Underfull \hbox (badness 10000) in paragraph at lines 1937--1940


\hbox(0.0+0.0)x442.0
.\glue(\rightskip) 0.0


Underfull \hbox (badness 1270) in paragraph at lines 1941--1944
\elvrm Cette fonc-tion red^^Semarre la boucle d'^^Sev^^Senements et repo-si-tio
nne le ter-mi-nal virtuel

\hbox(7.60416+2.12917)x442.0, glue set 2.33583
.\elvrm C
.\elvrm e
.\elvrm t
.\elvrm t
.\elvrm e
.etc.


Underfull \hbox (badness 10000) in paragraph at lines 1967--1970


\hbox(0.0+0.0)x442.0
.\glue(\rightskip) 0.0

[44] [45]
Underfull \hbox (badness 10000) in paragraph at lines 2036--2039


\hbox(0.0+0.0)x469.0
.\glue(\rightskip) 0.0


Underfull \hbox (badness 10000) in paragraph at lines 2047--2050


\hbox(0.0+0.0)x442.0
.\glue(\rightskip) 0.0

[46]
Underfull \hbox (badness 10000) in paragraph at lines 2058--2061


\hbox(0.0+0.0)x469.0
.\glue(\rightskip) 0.0

[47]
Overfull \hbox (0.64896pt too wide) in paragraph at lines 2126--2126
 []\elvtt #:event:#[up-event #<#:image:rectangle:window lisp window1> 0 143 154
 135 129[] 

\hbox(7.60416+2.43333)x469.0
.\glue(\leftskip) 27.0
.\hbox(0.0+0.0)x0.0
.\elvtt #
.\elvtt :
.\elvtt e
.etc.


Overfull \hbox (0.64896pt too wide) in paragraph at lines 2126--2126
 []\elvtt #:event:#[ascii-event #<#:image:rectangle:window lisp window2> 97 193
 147 185[] 

\hbox(7.60416+2.43333)x469.0
.\glue(\leftskip) 27.0
.\hbox(0.0+0.0)x0.0
.\elvtt #
.\elvtt :
.\elvtt e
.etc.

[48]
No file 15232.toc.
\tf@toc=\write3
[49

] [50

]
No file 15232.lot.
\tf@lot=\write4
[51] (15232.aux) ) 
Here is how much of TeX's memory you used:
 538 strings out of 4463
 4706 string characters out of 63221
 54738 words of memory out of 262141
 2471 multiletter control sequences out of 9500
 19780 words of font info for 75 fonts, out of 72000 for 255
 14 hyphenation exceptions out of 607
 17i,6n,15p,451b,336s stack positions out of 300i,40n,60p,3000b,4000s

Output written on 15232.dvi (51 pages, 98396 bytes).
