This is TeX, C Version 3.14t3 (format=lplain 93.4.28)  16 DEC 1993 17:55
**&lplain 15242
(15242.tex
LaTeX Version 2.09 <7 Dec 1989>
(/nfs/ishare/lib/TEX3.14/inputs/ilogmanuel.sty
Document style `ilogmanuel'.
(/nfs/ishare/lib/TEX3.14/inputs/ilogman11.sty)
(/nfs/ishare/lib/TEX3.14/inputs/ilogpage.sty
Page Layout 'fullpage' -- ILOG version of July 1983.
) (/nfs/ishare/lib/TEX3.14/inputs/ilogmacros.sty
\chgbarwidth=\dimen99
\chgbarsep=\dimen100
\@chgbarbegin=\dimen101

(/nfs/ishare/lib/TEX3.14/localinputs/epsf.tex
\epsffilein=\read0
\epsfxsize=\dimen102
\epsfysize=\dimen103
\epsftsize=\dimen104
\epsfrsize=\dimen105
\epsftmp=\dimen106
\pspoints=\dimen107
))
\descriptionmargin=\dimen108
\c@part=\count79
\c@chapter=\count80
\c@section=\count81
\c@subsection=\count82
\c@subsubsection=\count83
\c@paragraph=\count84
\c@subparagraph=\count85
\c@figure=\count86
\c@table=\count87
)
No file 15242.aux.
[1

] [2

]
Chapitre 1.
[3]
Underfull \hbox (badness 1314) in paragraph at lines 83--85
[] []\elvrm Reprise de cer-taines bizareries au-tour des longueurs des buffers 
d'entr^^See sor-tie

\hbox(7.60416+2.12917)x417.53491, glue set 2.36194
.\hbox(0.0+0.0)x0.0
.\glue 0.0
.\hbox(4.86667+0.0)x0.0
..\glue 0.0
..\glue -18.61502
..\glue -5.475
..\hbox(4.86667+0.0)x18.61502, glue set 18.61502fil
...\glue 0.0 plus 1.0fil minus 1.0fil
...\hbox(4.86667+0.0)x0.0, glue set - 5.475fil []
..\glue 5.475
.\penalty 0
.\elvrm R
.etc.

[4] [5] [6] [7] [8]
No file 15242.toc.
\tf@toc=\write3
[9

] [10

]
No file 15242.lot.
\tf@lot=\write4
[11] (15242.aux) ) 
Here is how much of TeX's memory you used:
 536 strings out of 4463
 4689 string characters out of 63221
 48672 words of memory out of 262141
 2470 multiletter control sequences out of 9500
 19612 words of font info for 74 fonts, out of 72000 for 255
 14 hyphenation exceptions out of 607
 12i,5n,15p,172b,226s stack positions out of 300i,40n,60p,3000b,4000s

Output written on 15242.dvi (11 pages, 14968 bytes).
