This is TeX, C Version 3.14t3 (format=lplain 93.4.28)  16 DEC 1993 17:55
**&lplain 15252
(15252.tex
LaTeX Version 2.09 <7 Dec 1989>
(/nfs/ishare/lib/TEX3.14/inputs/ilogmanuel.sty
Document style `ilogmanuel'.
(/nfs/ishare/lib/TEX3.14/inputs/ilogman11.sty)
(/nfs/ishare/lib/TEX3.14/inputs/ilogpage.sty
Page Layout 'fullpage' -- ILOG version of July 1983.
) (/nfs/ishare/lib/TEX3.14/inputs/ilogmacros.sty
\chgbarwidth=\dimen99
\chgbarsep=\dimen100
\@chgbarbegin=\dimen101

(/nfs/ishare/lib/TEX3.14/localinputs/epsf.tex
\epsffilein=\read0
\epsfxsize=\dimen102
\epsfysize=\dimen103
\epsftsize=\dimen104
\epsfrsize=\dimen105
\epsftmp=\dimen106
\pspoints=\dimen107
))
\descriptionmargin=\dimen108
\c@part=\count79
\c@chapter=\count80
\c@section=\count81
\c@subsection=\count82
\c@subsubsection=\count83
\c@paragraph=\count84
\c@subparagraph=\count85
\c@figure=\count86
\c@table=\count87
)
No file 15252.aux.
[1

] [2

]
Chapitre 1.
[3] [4] [5] [6

]
Chapitre 2.
[7] [8] (15252.aux) ) 
Here is how much of TeX's memory you used:
 528 strings out of 4463
 4653 string characters out of 63221
 47670 words of memory out of 262141
 2470 multiletter control sequences out of 9500
 19612 words of font info for 74 fonts, out of 72000 for 255
 14 hyphenation exceptions out of 607
 12i,5n,15p,172b,223s stack positions out of 300i,40n,60p,3000b,4000s

Output written on 15252.dvi (8 pages, 11364 bytes).
